Some weights of the model checkpoint at bert-base-cased were not used when initializing BertForMaskedLM: ['cls.seq_relationship.weight', 'cls.seq_relationship.bias']
- This IS expected if you are initializing BertForMaskedLM from the checkpoint of a model trained on another task or with another architecture (e.g. initializing a BertForSequenceClassification model from a BertForPreTraining model).
- This IS NOT expected if you are initializing BertForMaskedLM from the checkpoint of a model that you expect to be exactly identical (initializing a BertForSequenceClassification model from a BertForSequenceClassification model).
START
Step:  0
1.0: 1 | 5.0: 0
Step:  100
1.0: 48 | 5.0: 53
Step:  200
1.0: 96 | 5.0: 105
Step:  300
1.0: 139 | 5.0: 162
Step:  400
1.0: 165 | 5.0: 236
Step:  500
1.0: 175 | 5.0: 326
Step:  600
1.0: 183 | 5.0: 418
Step:  700
1.0: 195 | 5.0: 506
Step:  800
1.0: 208 | 5.0: 593
Step:  900
1.0: 218 | 5.0: 683
Step:  1000
1.0: 227 | 5.0: 774
Step:  1100
1.0: 242 | 5.0: 859
Step:  1200
1.0: 258 | 5.0: 943
Step:  1300
1.0: 274 | 5.0: 1027
Step:  1400
1.0: 284 | 5.0: 1117
Step:  1500
1.0: 293 | 5.0: 1208
Step:  1600
1.0: 303 | 5.0: 1298
Step:  1700
1.0: 316 | 5.0: 1385
Step:  1800
1.0: 324 | 5.0: 1477
Step:  1900
1.0: 334 | 5.0: 1567
Step:  2000
1.0: 350 | 5.0: 1651
Step:  2100
1.0: 361 | 5.0: 1740
Step:  2200
1.0: 372 | 5.0: 1829
Step:  2300
1.0: 385 | 5.0: 1916
Step:  2400
1.0: 401 | 5.0: 2000
Step:  2500
1.0: 417 | 5.0: 2084
Step:  2600
1.0: 430 | 5.0: 2171
Step:  2700
1.0: 445 | 5.0: 2256
Step:  2800
1.0: 458 | 5.0: 2343
Step:  2900
1.0: 468 | 5.0: 2433
Step:  3000
1.0: 485 | 5.0: 2516
Step:  3100
1.0: 505 | 5.0: 2596
Step:  3200
1.0: 525 | 5.0: 2676
Step:  3300
1.0: 543 | 5.0: 2758
Step:  3400
1.0: 552 | 5.0: 2849
Step:  3500
1.0: 562 | 5.0: 2939
Step:  3600
1.0: 583 | 5.0: 3018
Step:  3700
1.0: 605 | 5.0: 3096
Step:  3800
1.0: 623 | 5.0: 3178
Step:  3900
1.0: 644 | 5.0: 3257
Step:  4000
1.0: 664 | 5.0: 3337
Step:  4100
1.0: 685 | 5.0: 3416
Step:  4200
1.0: 710 | 5.0: 3491
Step:  4300
1.0: 718 | 5.0: 3583
Step:  4400
1.0: 728 | 5.0: 3673
Step:  4500
1.0: 741 | 5.0: 3760
Step:  4600
1.0: 761 | 5.0: 3840
Step:  4700
1.0: 783 | 5.0: 3918
Step:  4800
1.0: 794 | 5.0: 4007
Step:  4900
1.0: 817 | 5.0: 4084
Step:  5000
1.0: 833 | 5.0: 4168
Step:  5100
1.0: 847 | 5.0: 4254
Step:  5200
1.0: 858 | 5.0: 4343
Step:  5300
1.0: 872 | 5.0: 4429
Step:  5400
1.0: 885 | 5.0: 4516
Step:  5500
1.0: 894 | 5.0: 4607
Step:  5600
1.0: 915 | 5.0: 4686
Step:  5700
1.0: 925 | 5.0: 4776
Step:  5800
1.0: 950 | 5.0: 4851
Step:  5900
1.0: 959 | 5.0: 4942
Step:  6000
1.0: 970 | 5.0: 5031
Step:  6100
1.0: 990 | 5.0: 5111
Step:  6200
1.0: 1000 | 5.0: 5201
Step:  6300
1.0: 1017 | 5.0: 5284
Step:  6400
1.0: 1023 | 5.0: 5378
Step:  6500
1.0: 1043 | 5.0: 5458
Step:  6600
1.0: 1082 | 5.0: 5519
Step:  6700
1.0: 1097 | 5.0: 5604
Step:  6800
1.0: 1117 | 5.0: 5684
Step:  6900
1.0: 1135 | 5.0: 5766
Step:  7000
1.0: 1156 | 5.0: 5845
Step:  7100
1.0: 1188 | 5.0: 5913
Step:  7200
1.0: 1219 | 5.0: 5982
Step:  7300
1.0: 1231 | 5.0: 6070
Step:  7400
1.0: 1239 | 5.0: 6162
Step:  7500
1.0: 1257 | 5.0: 6244
Step:  7600
1.0: 1274 | 5.0: 6327
Step:  7700
1.0: 1307 | 5.0: 6394
Step:  7800
1.0: 1335 | 5.0: 6466
Step:  7900
1.0: 1355 | 5.0: 6546
Step:  8000
1.0: 1377 | 5.0: 6624
Step:  8100
1.0: 1407 | 5.0: 6694
Step:  8200
1.0: 1430 | 5.0: 6771
Step:  8300
1.0: 1463 | 5.0: 6838
Step:  8400
1.0: 1492 | 5.0: 6909
Step:  8500
1.0: 1516 | 5.0: 6985
Step:  8600
1.0: 1528 | 5.0: 7073
Step:  8700
1.0: 1540 | 5.0: 7161
Step:  8800
1.0: 1553 | 5.0: 7248
Step:  8900
1.0: 1577 | 5.0: 7324
Step:  9000
1.0: 1611 | 5.0: 7390
Step:  9100
1.0: 1630 | 5.0: 7471
Step:  9200
1.0: 1647 | 5.0: 7554
Step:  9300
1.0: 1668 | 5.0: 7633
Step:  9400
1.0: 1683 | 5.0: 7718
Step:  9500
1.0: 1701 | 5.0: 7800
Step:  9600
1.0: 1708 | 5.0: 7893
Step:  9700
1.0: 1718 | 5.0: 7983
Step:  9800
1.0: 1730 | 5.0: 8071
Step:  9900
1.0: 1753 | 5.0: 8148
Step:  10000
1.0: 1763 | 5.0: 8238
Step:  10100
1.0: 1771 | 5.0: 8330
Step:  10200
1.0: 1792 | 5.0: 8409
Step:  10300
1.0: 1799 | 5.0: 8502
Step:  10400
1.0: 1815 | 5.0: 8586
Step:  10500
1.0: 1833 | 5.0: 8668
Step:  10600
1.0: 1852 | 5.0: 8749
Step:  10700
1.0: 1875 | 5.0: 8826
Step:  10800
1.0: 1895 | 5.0: 8906
Step:  10900
1.0: 1902 | 5.0: 8999
Step:  11000
1.0: 1919 | 5.0: 9082
Step:  11100
1.0: 1935 | 5.0: 9166
Step:  11200
1.0: 1948 | 5.0: 9253
Step:  11300
1.0: 1968 | 5.0: 9333
Step:  11400
1.0: 1996 | 5.0: 9405
Step:  11500
1.0: 2017 | 5.0: 9484
Step:  11600
1.0: 2032 | 5.0: 9569
Step:  11700
1.0: 2062 | 5.0: 9639
Step:  11800
1.0: 2071 | 5.0: 9730
Step:  11900
1.0: 2096 | 5.0: 9805
Step:  12000
1.0: 2110 | 5.0: 9891
Step:  12100
1.0: 2130 | 5.0: 9971
Step:  12200
1.0: 2201 | 5.0: 10000
Step:  12300
1.0: 2301 | 5.0: 10000
Step:  12400
1.0: 2401 | 5.0: 10000
Step:  12500
1.0: 2501 | 5.0: 10000
Step:  12600
1.0: 2601 | 5.0: 10000
Step:  12700
1.0: 2701 | 5.0: 10000
Step:  12800
1.0: 2801 | 5.0: 10000
Step:  12900
1.0: 2901 | 5.0: 10000
Step:  13000
1.0: 3001 | 5.0: 10000
Step:  13100
1.0: 3101 | 5.0: 10000
Step:  13200
1.0: 3201 | 5.0: 10000
Step:  13300
1.0: 3301 | 5.0: 10000
Step:  13400
1.0: 3401 | 5.0: 10000
Step:  13500
1.0: 3501 | 5.0: 10000
Step:  13600
1.0: 3601 | 5.0: 10000
Step:  13700
1.0: 3701 | 5.0: 10000
Step:  13800
1.0: 3801 | 5.0: 10000
Step:  13900
1.0: 3901 | 5.0: 10000
Step:  14000
1.0: 4001 | 5.0: 10000
Step:  14100
1.0: 4101 | 5.0: 10000
Step:  14200
1.0: 4201 | 5.0: 10000
Step:  14300
1.0: 4301 | 5.0: 10000
Step:  14400
1.0: 4401 | 5.0: 10000
Step:  14500
1.0: 4501 | 5.0: 10000
Step:  14600
1.0: 4601 | 5.0: 10000
Step:  14700
1.0: 4701 | 5.0: 10000
Step:  14800
1.0: 4801 | 5.0: 10000
Step:  14900
1.0: 4901 | 5.0: 10000
Step:  15000
1.0: 5001 | 5.0: 10000
Step:  15100
1.0: 5101 | 5.0: 10000
Step:  15200
1.0: 5201 | 5.0: 10000
Step:  15300
1.0: 5301 | 5.0: 10000
Step:  15400
1.0: 5401 | 5.0: 10000
Step:  15500
1.0: 5501 | 5.0: 10000
Step:  15600
1.0: 5601 | 5.0: 10000
Step:  15700
1.0: 5701 | 5.0: 10000
Step:  15800
1.0: 5801 | 5.0: 10000
Step:  15900
1.0: 5901 | 5.0: 10000
Step:  16000
1.0: 6001 | 5.0: 10000
Step:  16100
1.0: 6101 | 5.0: 10000
Step:  16200
1.0: 6201 | 5.0: 10000
Step:  16300
1.0: 6301 | 5.0: 10000
Step:  16400
1.0: 6401 | 5.0: 10000
Step:  16500
1.0: 6501 | 5.0: 10000
Step:  16600
1.0: 6601 | 5.0: 10000
Step:  16700
1.0: 6701 | 5.0: 10000
Step:  16800
1.0: 6801 | 5.0: 10000
Step:  16900
1.0: 6901 | 5.0: 10000
Step:  17000
1.0: 7001 | 5.0: 10000
Step:  17100
1.0: 7101 | 5.0: 10000
Step:  17200
1.0: 7201 | 5.0: 10000
Step:  17300
1.0: 7301 | 5.0: 10000
Step:  17400
1.0: 7401 | 5.0: 10000
Step:  17500
1.0: 7501 | 5.0: 10000
Step:  17600
1.0: 7601 | 5.0: 10000
Step:  17700
1.0: 7701 | 5.0: 10000
Step:  17800
1.0: 7801 | 5.0: 10000
Step:  17900
1.0: 7901 | 5.0: 10000
Step:  18000
1.0: 8001 | 5.0: 10000
Step:  18100
1.0: 8101 | 5.0: 10000
Step:  18200
1.0: 8201 | 5.0: 10000
Step:  18300
1.0: 8301 | 5.0: 10000
Step:  18400
1.0: 8401 | 5.0: 10000
Step:  18500
1.0: 8501 | 5.0: 10000
Step:  18600
1.0: 8601 | 5.0: 10000
Step:  18700
1.0: 8701 | 5.0: 10000
Step:  18800
1.0: 8801 | 5.0: 10000
Step:  18900
1.0: 8901 | 5.0: 10000
Step:  19000
1.0: 9001 | 5.0: 10000
Step:  19100
1.0: 9101 | 5.0: 10000
Step:  19200
1.0: 9201 | 5.0: 10000
Step:  19300
1.0: 9301 | 5.0: 10000
Step:  19400
1.0: 9401 | 5.0: 10000
Step:  19500
1.0: 9501 | 5.0: 10000
Step:  19600
1.0: 9601 | 5.0: 10000
Step:  19700
1.0: 9701 | 5.0: 10000
Step:  19800
1.0: 9801 | 5.0: 10000
Step:  19900
1.0: 9901 | 5.0: 10000
Step:  20000
TESTFILE: 1.0: 1 | 5.0: 0
Step:  20100
TESTFILE: 1.0: 16 | 5.0: 85
Step:  20200
TESTFILE: 1.0: 25 | 5.0: 176
Step:  20300
TESTFILE: 1.0: 39 | 5.0: 262
Step:  20400
TESTFILE: 1.0: 55 | 5.0: 346
Step:  20500
TESTFILE: 1.0: 65 | 5.0: 436
Step:  20600
TESTFILE: 1.0: 85 | 5.0: 516
Step:  20700
TESTFILE: 1.0: 108 | 5.0: 593
Step:  20800
TESTFILE: 1.0: 121 | 5.0: 680
Step:  20900
TESTFILE: 1.0: 134 | 5.0: 767
Step:  21000
TESTFILE: 1.0: 147 | 5.0: 854
Step:  21100
TESTFILE: 1.0: 160 | 5.0: 941
Step:  21200
TESTFILE: 1.0: 179 | 5.0: 1022
Step:  21300
TESTFILE: 1.0: 186 | 5.0: 1115
Step:  21400
TESTFILE: 1.0: 194 | 5.0: 1207
Step:  21500
TESTFILE: 1.0: 206 | 5.0: 1295
Step:  21600
TESTFILE: 1.0: 220 | 5.0: 1381
Step:  21700
TESTFILE: 1.0: 240 | 5.0: 1461
Step:  21800
TESTFILE: 1.0: 259 | 5.0: 1542
Step:  21900
TESTFILE: 1.0: 266 | 5.0: 1635
Step:  22000
TESTFILE: 1.0: 275 | 5.0: 1726
Step:  22100
TESTFILE: 1.0: 286 | 5.0: 1815
Step:  22200
TESTFILE: 1.0: 290 | 5.0: 1911
Step:  22300
TESTFILE: 1.0: 304 | 5.0: 1997
Step:  22400
TESTFILE: 1.0: 401 | 5.0: 2000
Step:  22500
TESTFILE: 1.0: 501 | 5.0: 2000
Step:  22600
TESTFILE: 1.0: 601 | 5.0: 2000
Step:  22700
TESTFILE: 1.0: 701 | 5.0: 2000
Step:  22800
TESTFILE: 1.0: 801 | 5.0: 2000
Step:  22900
TESTFILE: 1.0: 901 | 5.0: 2000
Step:  23000
TESTFILE: 1.0: 1001 | 5.0: 2000
Step:  23100
TESTFILE: 1.0: 1101 | 5.0: 2000
Step:  23200
TESTFILE: 1.0: 1201 | 5.0: 2000
Step:  23300
TESTFILE: 1.0: 1301 | 5.0: 2000
Step:  23400
TESTFILE: 1.0: 1401 | 5.0: 2000
Step:  23500
TESTFILE: 1.0: 1501 | 5.0: 2000
Step:  23600
TESTFILE: 1.0: 1601 | 5.0: 2000
Step:  23700
TESTFILE: 1.0: 1701 | 5.0: 2000
Step:  23800
TESTFILE: 1.0: 1801 | 5.0: 2000
Step:  23900
TESTFILE: 1.0: 1901 | 5.0: 2000
UNA STELLA:  2000
CINQUE STELLE:  2000
UNA STELLA:  10000
CINQUE STELLE:  10000
